<?xml version="1.0" encoding="UTF-8"?>
<testsuite xmlns:xsi="http://www.w3.org/2001/XMLSchema-instance" xsi:noNamespaceSchemaLocation="https://maven.apache.org/surefire/maven-surefire-plugin/xsd/surefire-test-report.xsd" name="com.example.services.map.OwnerServiceMapTest" time="0.16" tests="7" errors="0" skipped="0" failures="0">
  <properties>
[...]
</properties>
  <testcase name="delete" classname="com.example.services.map.OwnerServiceMapTest" time="0.09"/>
  <testcase name="findAll" classname="com.example.services.map.OwnerServiceMapTest" time="0.001"/>
  <testcase name="findById" classname="com.example.services.map.OwnerServiceMapTest" time="0.008"/>
  <testcase name="findByName" classname="com.example.services.map.OwnerServiceMapTest" time="0.004"/>
  <testcase name="save" classname="com.example.services.map.OwnerServiceMapTest" time="0.003"/>
  <testcase name="findWhereNameIsNone" classname="com.example.services.map.OwnerServiceMapTest" time="0.003"/>
  <testcase name="deleteById" classname="com.example.services.map.OwnerServiceMapTest" time="0.004"/>
</testsuite>